<?xml version="1.0" encoding="UTF-8"?>
<!-- Generated by org.testng.reporters.JUnitReportReporter -->
<testsuite hostname="MaheshGHuddar" failures="0" tests="1" name="testCases.T003_hoveraction" time="22.299" errors="0" timestamp="2024-10-07T13:51:39 IST" skipped="0">
  <testcase classname="testCases.T003_hoveraction" name="ha" time="22.299"/>
  <system-out/>
</testsuite> <!-- testCases.T003_hoveraction -->
