<?xml version="1.0" encoding="UTF-8"?>
<!-- Generated by org.testng.reporters.JUnitReportReporter -->
<testsuite hostname="MaheshGHuddar" failures="0" tests="8" name="testCases.T004_Tutorialsubnames" time="1.630" errors="0" timestamp="2024-10-07T13:51:39 IST" skipped="0">
  <testcase classname="testCases.T004_Tutorialsubnames" name="tutorial" time="0.349"/>
  <system-out/>
  <testcase classname="testCases.T004_Tutorialsubnames" name="project" time="0.162"/>
  <system-out/>
  <testcase classname="testCases.T004_Tutorialsubnames" name="firstyear" time="0.151"/>
  <system-out/>
  <testcase classname="testCases.T004_Tutorialsubnames" name="CSE_notes" time="0.127"/>
  <system-out/>
  <testcase classname="testCases.T004_Tutorialsubnames" name="ECE_notes" time="0.126"/>
  <system-out/>
  <testcase classname="testCases.T004_Tutorialsubnames" name="ME_notes" time="0.143"/>
  <system-out/>
  <testcase classname="testCases.T004_Tutorialsubnames" name="EE_notes" time="0.252"/>
  <system-out/>
  <testcase classname="testCases.T004_Tutorialsubnames" name="QPS" time="0.320"/>
  <system-out/>
</testsuite> <!-- testCases.T004_Tutorialsubnames -->
