<?xml version="1.0" encoding="UTF-8"?>
<!-- Generated by org.testng.reporters.JUnitReportReporter -->
<testsuite hostname="MaheshGHuddar" failures="0" tests="1" name="testCases.logoandtitle" time="0.200" errors="0" timestamp="2024-10-07T13:51:39 IST" skipped="0">
  <testcase classname="testCases.logoandtitle" name="logotitlecheck" time="0.200"/>
  <system-out/>
</testsuite> <!-- testCases.logoandtitle -->
