<?xml version="1.0" encoding="UTF-8"?>
<!-- Generated by org.testng.reporters.JUnitReportReporter -->
<testsuite hostname="MaheshGHuddar" failures="0" tests="1" name="testCases.T005_joinforregularupdates" time="48.847" errors="0" timestamp="2024-10-07T12:50:40 IST" skipped="0">
  <testcase classname="testCases.T005_joinforregularupdates" name="joinlink1" time="48.847"/>
  <system-out/>
</testsuite> <!-- testCases.T005_joinforregularupdates -->
