<?xml version="1.0" encoding="UTF-8"?>
<!-- Generated by org.testng.reporters.JUnitReportReporter -->
<testsuite hostname="MaheshGHuddar" failures="0" tests="1" name="VTUPulse.Framework.NewTest" time="3.694" errors="0" timestamp="2024-10-03T21:40:46 IST" skipped="0">
  <testcase classname="VTUPulse.Framework.NewTest" name="f" time="3.694"/>
  <system-out/>
</testsuite> <!-- VTUPulse.Framework.NewTest -->
