<?xml version="1.0" encoding="UTF-8"?>
<!-- Generated by org.testng.reporters.JUnitReportReporter -->
<testsuite hostname="MaheshGHuddar" failures="0" tests="1" name="testCases.T002_mainbartest" time="0.393" errors="0" timestamp="2024-10-06T21:17:56 IST" skipped="0">
  <testcase classname="testCases.T002_mainbartest" name="maintitlecheck" time="0.393"/>
</testsuite> <!-- testCases.T002_mainbartest -->
