<?xml version="1.0" encoding="UTF-8"?>
<!-- Generated by org.testng.reporters.JUnitReportReporter -->
<testsuite hostname="MaheshGHuddar" failures="0" tests="1" name="testCases.T003_hoveraction" time="22.262" errors="0" timestamp="2024-10-06T21:17:56 IST" skipped="0">
  <testcase classname="testCases.T003_hoveraction" name="ha" time="22.262"/>
</testsuite> <!-- testCases.T003_hoveraction -->
